0 info it worked if it ends with ok
1 verbose cli [ 'C:\\Program Files\\nodejs\\node.exe',
1 verbose cli   'C:\\Users\\Rain\\AppData\\Roaming\\npm\\node_modules\\npm\\bin\\npm-cli.js',
1 verbose cli   'start' ]
2 info using npm@3.10.8
3 info using node@v6.10.0
4 verbose run-script [ 'prestart', 'start', 'poststart' ]
5 info lifecycle @1.0.0~prestart: @1.0.0
6 silly lifecycle @1.0.0~prestart: no script for prestart, continuing
7 info lifecycle @1.0.0~start: @1.0.0
8 verbose lifecycle @1.0.0~start: unsafe-perm in lifecycle true
9 verbose lifecycle @1.0.0~start: PATH: C:\Users\Rain\AppData\Roaming\npm\node_modules\npm\bin\node-gyp-bin;C:\xampp\htdocs\Maps\node_modules\.bin;C:\Users\Rain\AppData\Roaming\npm\node_modules\npm\bin\node-gyp-bin;C:\xampp\htdocs\Maps\node_modules\.bin;C:\Program Files (x86)\Intel\iCLS Client\;C:\Program Files\Intel\iCLS Client\;C:\WINDOWS\system32;C:\WINDOWS;C:\WINDOWS\System32\Wbem;C:\WINDOWS\System32\WindowsPowerShell\v1.0\;C:\Program Files\nodejs\;C:\Program Files\Git\cmd;C:\Users\Rain\AppData\Local\atom\bin;C:\Users\Rain\AppData\Local\Microsoft\WindowsApps;C:\Users\Rain\AppData\Roaming\npm;C:\Program Files\Heroku\bin
10 verbose lifecycle @1.0.0~start: CWD: C:\xampp\htdocs\Maps
11 silly lifecycle @1.0.0~start: Args: [ '/d /s /c', 'npm run build && node server.js' ]
12 verbose stack Error: kill ENOSYS
12 verbose stack     at exports._errnoException (util.js:1022:11)
12 verbose stack     at process.kill (internal/process.js:172:13)
12 verbose stack     at process.listener (C:\Users\Rain\AppData\Roaming\npm\node_modules\npm\node_modules\npmlog\node_modules\gauge\node_modules\signal-exit\index.js:86:15)
12 verbose stack     at emitNone (events.js:91:20)
12 verbose stack     at process.emit (events.js:185:7)
12 verbose stack     at processEmit (C:\Users\Rain\AppData\Roaming\npm\node_modules\npm\node_modules\npmlog\node_modules\gauge\node_modules\signal-exit\index.js:146:32)
12 verbose stack     at processEmit (C:\Users\Rain\AppData\Roaming\npm\node_modules\npm\node_modules\npm-registry-client\node_modules\npmlog\node_modules\gauge\node_modules\signal-exit\index.js:146:32)
12 verbose stack     at Signal.wrap.onsignal (internal/process.js:199:44)
13 verbose cwd C:\xampp\htdocs\Maps
14 error Windows_NT 10.0.14393
15 error argv "C:\\Program Files\\nodejs\\node.exe" "C:\\Users\\Rain\\AppData\\Roaming\\npm\\node_modules\\npm\\bin\\npm-cli.js" "start"
16 error node v6.10.0
17 error npm  v3.10.8
18 error code ENOSYS
19 error errno ENOSYS
20 error syscall kill
21 error kill ENOSYS
22 error If you need help, you may report this error at:
22 error     <https://github.com/npm/npm/issues>
23 verbose exit [ 1, true ]
